<?xml version="1.0" encoding="UTF-8" ?>
<testsuite tests="1" failures="0" name="mysop.test.PodCreatorTest" time="0.001" errors="1" skipped="0">
  <properties>
[...]
</properties>
  <testcase classname="mysop.test.PodCreatorTest" name="mysop.test.PodCreatorTest" time="0.001">
    <error message="Arquillian has previously been attempted initialized, but failed. See cause for previous exception" type="java.lang.RuntimeException">java.lang.RuntimeException: Arquillian has previously been attempted initialized, but failed. See cause for previous exception
	at org.jboss.arquillian.junit.Arquillian.run(Arquillian.java:103)
	at org.apache.maven.surefire.junit4.JUnit4Provider.execute(JUnit4Provider.java:252)
	at org.apache.maven.surefire.junit4.JUnit4Provider.executeTestSet(JUnit4Provider.java:141)
	at org.apache.maven.surefire.junit4.JUnit4Provider.invoke(JUnit4Provider.java:112)
	at sun.reflect.NativeMethodAccessorImpl.invoke0(Native Method)
	at sun.reflect.NativeMethodAccessorImpl.invoke(NativeMethodAccessorImpl.java:62)
	at sun.reflect.DelegatingMethodAccessorImpl.invoke(DelegatingMethodAccessorImpl.java:43)
	at java.lang.reflect.Method.invoke(Method.java:483)
	at org.apache.maven.surefire.util.ReflectionUtils.invokeMethodWithArray(ReflectionUtils.java:189)
	at org.apache.maven.surefire.booter.ProviderFactory$ProviderProxy.invoke(ProviderFactory.java:165)
	at org.apache.maven.surefire.booter.ProviderFactory.invokeProvider(ProviderFactory.java:85)
	at org.apache.maven.surefire.booter.ForkedBooter.runSuitesInProcess(ForkedBooter.java:115)
	at org.apache.maven.surefire.booter.ForkedBooter.main(ForkedBooter.java:75)
Caused by: java.lang.RuntimeException: Could not create new instance of class org.jboss.arquillian.test.impl.EventTestRunnerAdaptor
	at org.jboss.arquillian.test.spi.SecurityActions.newInstance(SecurityActions.java:166)
	at org.jboss.arquillian.test.spi.SecurityActions.newInstance(SecurityActions.java:103)
	at org.jboss.arquillian.test.spi.TestRunnerAdaptorBuilder.build(TestRunnerAdaptorBuilder.java:52)
	at org.jboss.arquillian.junit.Arquillian.run(Arquillian.java:114)
	... 12 more
Caused by: java.lang.reflect.InvocationTargetException
	at sun.reflect.NativeConstructorAccessorImpl.newInstance0(Native Method)
	at sun.reflect.NativeConstructorAccessorImpl.newInstance(NativeConstructorAccessorImpl.java:62)
	at sun.reflect.DelegatingConstructorAccessorImpl.newInstance(DelegatingConstructorAccessorImpl.java:45)
	at java.lang.reflect.Constructor.newInstance(Constructor.java:408)
	at org.jboss.arquillian.test.spi.SecurityActions.newInstance(SecurityActions.java:162)
	... 15 more
Caused by: java.lang.NullPointerException
	at org.arquillian.cube.docker.impl.util.ConfigUtil.load(ConfigUtil.java:78)
	at org.arquillian.cube.docker.impl.util.ConfigUtil.load(ConfigUtil.java:62)
	at org.arquillian.cube.docker.impl.docker.cube.CubeConverter.&lt;init&gt;(CubeConverter.java:22)
	at org.arquillian.cube.docker.impl.docker.cube.CubeConverter.create(CubeConverter.java:34)
	at org.arquillian.cube.docker.impl.client.DockerContainerDefinitionParser.convert(DockerContainerDefinitionParser.java:87)
	at org.arquillian.cube.docker.impl.client.CubeDockerConfiguration.fromMap(CubeDockerConfiguration.java:141)
	at org.arquillian.cube.docker.impl.client.CubeDockerConfigurator.configure(CubeDockerConfigurator.java:72)
	at org.arquillian.cube.docker.impl.client.CubeDockerConfigurator.configure(CubeDockerConfigurator.java:61)
	at sun.reflect.NativeMethodAccessorImpl.invoke0(Native Method)
	at sun.reflect.NativeMethodAccessorImpl.invoke(NativeMethodAccessorImpl.java:62)
	at sun.reflect.DelegatingMethodAccessorImpl.invoke(DelegatingMethodAccessorImpl.java:43)
	at java.lang.reflect.Method.invoke(Method.java:483)
	at org.jboss.arquillian.core.impl.ObserverImpl.invoke(ObserverImpl.java:96)
	at org.jboss.arquillian.core.impl.EventContextImpl.invokeObservers(EventContextImpl.java:103)
	at org.jboss.arquillian.core.impl.EventContextImpl.proceed(EventContextImpl.java:85)
	at org.jboss.arquillian.core.impl.ManagerImpl.fire(ManagerImpl.java:143)
	at org.jboss.arquillian.core.impl.ManagerImpl.fire(ManagerImpl.java:114)
	at org.jboss.arquillian.core.impl.ManagerImpl.bindAndFire(ManagerImpl.java:263)
	at org.jboss.arquillian.core.impl.InstanceImpl.set(InstanceImpl.java:74)
	at org.arquillian.cube.impl.client.CubeConfigurator.configure(CubeConfigurator.java:23)
	at sun.reflect.NativeMethodAccessorImpl.invoke0(Native Method)
	at sun.reflect.NativeMethodAccessorImpl.invoke(NativeMethodAccessorImpl.java:62)
	at sun.reflect.DelegatingMethodAccessorImpl.invoke(DelegatingMethodAccessorImpl.java:43)
	at java.lang.reflect.Method.invoke(Method.java:483)
	at org.jboss.arquillian.core.impl.ObserverImpl.invoke(ObserverImpl.java:96)
	at org.jboss.arquillian.core.impl.EventContextImpl.invokeObservers(EventContextImpl.java:103)
	at org.jboss.arquillian.core.impl.EventContextImpl.proceed(EventContextImpl.java:85)
	at org.jboss.arquillian.core.impl.ManagerImpl.fire(ManagerImpl.java:143)
	at org.jboss.arquillian.core.impl.ManagerImpl.fire(ManagerImpl.java:114)
	at org.jboss.arquillian.core.impl.ManagerImpl.bindAndFire(ManagerImpl.java:263)
	at org.jboss.arquillian.core.impl.InstanceImpl.set(InstanceImpl.java:74)
	at org.jboss.arquillian.config.impl.extension.ConfigurationRegistrar.loadConfiguration(ConfigurationRegistrar.java:73)
	at sun.reflect.NativeMethodAccessorImpl.invoke0(Native Method)
	at sun.reflect.NativeMethodAccessorImpl.invoke(NativeMethodAccessorImpl.java:62)
	at sun.reflect.DelegatingMethodAccessorImpl.invoke(DelegatingMethodAccessorImpl.java:43)
	at java.lang.reflect.Method.invoke(Method.java:483)
	at org.jboss.arquillian.core.impl.ObserverImpl.invoke(ObserverImpl.java:96)
	at org.jboss.arquillian.core.impl.EventContextImpl.invokeObservers(EventContextImpl.java:103)
	at org.jboss.arquillian.core.impl.EventContextImpl.proceed(EventContextImpl.java:85)
	at org.jboss.arquillian.core.impl.ManagerImpl.fire(ManagerImpl.java:143)
	at org.jboss.arquillian.core.impl.ManagerImpl.fire(ManagerImpl.java:114)
	at org.jboss.arquillian.core.impl.ManagerImpl.start(ManagerImpl.java:288)
	at org.jboss.arquillian.test.impl.EventTestRunnerAdaptor.&lt;init&gt;(EventTestRunnerAdaptor.java:63)
	... 20 more
</error>
  </testcase>
</testsuite>